1598411075705	geckodriver	INFO	Listening on 127.0.0.1:64305
1598411078744	mozrunner::runner	INFO	Running command: "C:\\Program Files\\Mozilla Firefox\\firefox.exe" "--marionette" "-foreground" "-no-remote" "-profile" "C:\\Users\\Jack\\AppData\\Local\\Temp\\rust_mozprofilexwrf8N"
console.error: SearchCache: "_readCacheFile: Error reading cache file:" (new Error("", "(unknown module)"))
JavaScript error: resource://gre/modules/XULStore.jsm, line 66: Error: Can't find profile directory.
1598411080892	Marionette	INFO	Listening on port 64313
1598411081355	Marionette	WARN	TLS certificate errors will be ignored for this session
1598412121850	Marionette	INFO	Stopped listening on port 64313

###!!! [Child][RunMessage] Error: Channel closing: too late to send/recv, messages will be lost


###!!! [Child][MessageChannel::SendAndWait] Error: Channel error: cannot send/recv

emp\\rust_mozprofileIHCYBp"
console.error: SearchCache: "_readCacheFile: Error reading cache file:" (new Error("", "(unknown module)"))
JavaScript error: resource://gre/modules/XULStore.jsm, line 66: Error: Can't find profile directory.
1598411195621	Marionette	INFO	Listening on port 64382
1598411195947	Marionette	WARN	TLS certificate errors will be ignored for this session
1598411307632	Marionette	INFO	Stopped listening on port 64382

###!!! [Child][RunMessage] Error: Channel closing: too late to send/recv, messages will be lost


###!!! [Child][MessageChannel::SendAndWait] Error: Channel error: cannot send/recv

1598411384556	geckodriver	INFO	Listening on 127.0.0.1:51699
1598411387581	mozrunner::runner	INFO	Running command: "C:\\Program Files\\Mozilla Firefox\\firefox.exe" "--marionette" "-foreground" "-no-remote" "-profile" "C:\\Users\\Jack\\AppData\\Local\\Temp\\rust_mozprofile8cYhmW"
console.error: SearchCache: "_readCacheFile: Error reading cache file:" (new Error("", "(unknown module)"))
JavaScript error: resource://gre/modules/XULStore.jsm, line 66: Error: Can't find profile directory.
1598411389142	Marionette	INFO	Listening on port 51707
1598411389589	Marionette	WARN	TLS certificate errors will be ignored for this session
1598411390443	Marionette	INFO	Stopped listening on port 51707

###!!! [Child][RunMessage] Error: Channel closing: too late to send/recv, messages will be lost


###!!! [Child][MessageChannel::SendAndWait] Error: Channel error: cannot send/recv

1598411401933	geckodriver	INFO	Listening on 127.0.0.1:51764
1598411404977	mozrunner::runner	INFO	Running command: "C:\\Program Files\\Mozilla Firefox\\firefox.exe" "--marionette" "-foreground" "-no-remote" "-profile" "C:\\Users\\Jack\\AppData\\Local\\Temp\\rust_mozprofileRspfST"
console.error: SearchCache: "_readCacheFile: Error reading cache file:" (new Error("", "(unknown module)"))
JavaScript error: resource://gre/modules/XULStore.jsm, line 66: Error: Can't find profile directory.
1598411406466	Marionette	INFO	Listening on port 51772
1598411406486	Marionette	WARN	TLS certificate errors will be ignored for this session
1598411410394	Marionette	INFO	Stopped listening on port 51772

###!!! [Child][RunMessage] Error: Channel closing: too late to send/recv, messages will be lost


###!!! [Child][MessageChannel::SendAndWait] Error: Channel error: cannot send/recv

1598412072316	geckodriver	INFO	Listening on 127.0.0.1:51877
1598412075363	mozrunner::runner	INFO	Running command: "C:\\Program Files\\Mozilla Firefox\\firefox.exe" "--marionette" "-foreground" "-no-remote" "-profile" "C:\\Users\\Jack\\AppData\\Local\\Temp\\rust_mozprofileDGXwjU"
console.error: SearchCache: "_readCacheFile: Error reading cache file:" (new Error("", "(unknown module)"))
JavaScript error: resource://gre/modules/XULStore.jsm, line 66: Error: Can't find profile directory.
1598412077113	Marionette	INFO	Listening on port 51886
1598412077371	Marionette	WARN	TLS certificate errors will be ignored for this session
1598412131186	Marionette	INFO	Stopped listening on port 51886

###!!! [Child][RunMessage] Error: Channel closing: too late to send/recv, messages will be lost


###!!! [Child][MessageChannel::SendAndWait] Error: Channel error: cannot send/recv

emp\\rust_mozprofilezJBJTl"
JavaScript error: resource://gre/modules/XULStore.jsm, line 66: Error: Can't find profile directory.
console.error: SearchCache: "_readCacheFile: Error reading cache file:" (new Error("", "(unknown module)"))
1598412121288	Marionette	INFO	Listening on port 51949
1598412121706	Marionette	WARN	TLS certificate errors will be ignored for this session
1598412128723	Marionette	INFO	Stopped listening on port 51949

###!!! [Child][RunMessage] Error: Channel closing: too late to send/recv, messages will be lost


###!!! [Child][MessageChannel::SendAndWait] Error: Channel error: cannot send/recv

1598412211014	geckodriver	INFO	Listening on 127.0.0.1:52012
1598412214061	mozrunner::runner	INFO	Running command: "C:\\Program Files\\Mozilla Firefox\\firefox.exe" "--marionette" "-foreground" "-no-remote" "-profile" "C:\\Users\\Jack\\AppData\\Local\\Temp\\rust_mozprofilen9b4mN"
console.error: SearchCache: "_readCacheFile: Error reading cache file:" (new Error("", "(unknown module)"))
JavaScript error: resource://gre/modules/XULStore.jsm, line 66: Error: Can't find profile directory.
1598412215609	Marionette	INFO	Listening on port 52020
1598412216071	Marionette	WARN	TLS certificate errors will be ignored for this session
1598412221636	Marionette	INFO	Stopped listening on port 52020

###!!! [Child][RunMessage] Error: Channel closing: too late to send/recv, messages will be lost


###!!! [Child][MessageChannel::SendAndWait] Error: Channel error: cannot send/recv

1598414768842	geckodriver	INFO	Listening on 127.0.0.1:52469
1598414771889	mozrunner::runner	INFO	Running command: "C:\\Program Files\\Mozilla Firefox\\firefox.exe" "--marionette" "-foreground" "-no-remote" "-profile" "C:\\Users\\Jack\\AppData\\Local\\Temp\\rust_mozprofileQBcEfb"
console.error: SearchCache: "_readCacheFile: Error reading cache file:" (new Error("", "(unknown module)"))
JavaScript error: resource://gre/modules/XULStore.jsm, line 66: Error: Can't find profile directory.
1598414773379	Marionette	INFO	Listening on port 52477
1598414773398	Marionette	WARN	TLS certificate errors will be ignored for this session
1598414779022	Marionette	INFO	Stopped listening on port 52477

###!!! [Child][RunMessage] Error: Channel closing: too late to send/recv, messages will be lost


###!!! [Child][MessageChannel::SendAndWait] Error: Channel error: cannot send/recv

1598414841041	geckodriver	INFO	Listening on 127.0.0.1:52529
1598414844088	mozrunner::runner	INFO	Running command: "C:\\Program Files\\Mozilla Firefox\\firefox.exe" "--marionette" "-foreground" "-no-remote" "-profile" "C:\\Users\\Jack\\AppData\\Local\\Temp\\rust_mozprofiletoD6tZ"
console.error: SearchCache: "_readCacheFile: Error reading cache file:" (new Error("", "(unknown module)"))
JavaScript error: resource://gre/modules/XULStore.jsm, line 66: Error: Can't find profile directory.
1598414845618	Marionette	INFO	Listening on port 52537
1598414846098	Marionette	WARN	TLS certificate errors will be ignored for this session
1598414852404	Marionette	INFO	Stopped listening on port 52537

###!!! [Child][RunMessage] Error: Channel closing: too late to send/recv, messages will be lost


###!!! [Child][MessageChannel::SendAndWait] Error: Channel error: cannot send/recv

1598491970207	geckodriver	INFO	Listening on 127.0.0.1:64203
1598491973238	mozrunner::runner	INFO	Running command: "C:\\Program Files\\Mozilla Firefox\\firefox.exe" "--marionette" "-foreground" "-no-remote" "-profile" "C:\\Users\\Jack\\AppData\\Local\\Temp\\rust_mozprofile7FaFQA"
console.error: SearchCache: "_readCacheFile: Error reading cache file:" (new Error("", "(unknown module)"))
JavaScript error: resource://gre/modules/XULStore.jsm, line 66: Error: Can't find profile directory.
1598491974832	Marionette	INFO	Listening on port 64211
1598491975242	Marionette	WARN	TLS certificate errors will be ignored for this session
1598492125806	Marionette	INFO	Stopped listening on port 64211

###!!! [Child][RunMessage] Error: Channel closing: too late to send/recv, messages will be lost


###!!! [Child][MessageChannel::SendAndWait] Error: Channel error: cannot send/recv

1598492202742	geckodriver	INFO	Listening on 127.0.0.1:64274
1598492205777	mozrunner::runner	INFO	Running command: "C:\\Program Files\\Mozilla Firefox\\firefox.exe" "--marionette" "-foreground" "-no-remote" "-profile" "C:\\Users\\Jack\\AppData\\Local\\Temp\\rust_mozprofileq9Ansd"
console.error: SearchCache: "_readCacheFile: Error reading cache file:" (new Error("", "(unknown module)"))
JavaScript error: resource://gre/modules/XULStore.jsm, line 66: Error: Can't find profile directory.
1598492207276	Marionette	INFO	Listening on port 64282
1598492207285	Marionette	WARN	TLS certificate errors will be ignored for this session
1598492215897	Marionette	INFO	Stopped listening on port 64282

###!!! [Child][RunMessage] Error: Channel closing: too late to send/recv, messages will be lost


###!!! [Child][MessageChannel::SendAndWait] Error: Channel error: cannot send/recv

1598492226244	geckodriver	INFO	Listening on 127.0.0.1:64333
1598492229279	mozrunner::runner	INFO	Running command: "C:\\Program Files\\Mozilla Firefox\\firefox.exe" "--marionette" "-foreground" "-no-remote" "-profile" "C:\\Users\\Jack\\AppData\\Local\\Temp\\rust_mozprofilewwVdts"
console.error: SearchCache: "_readCacheFile: Error reading cache file:" (new Error("", "(unknown module)"))
JavaScript error: resource://gre/modules/XULStore.jsm, line 66: Error: Can't find profile directory.
1598492230735	Marionette	INFO	Listening on port 64341
1598492230789	Marionette	WARN	TLS certificate errors will be ignored for this session
1598492235116	Marionette	INFO	Stopped listening on port 64341

###!!! [Child][RunMessage] Error: Channel closing: too late to send/recv, messages will be lost


###!!! [Child][MessageChannel::SendAndWait] Error: Channel error: cannot send/recv

1598492987884	geckodriver	INFO	Listening on 127.0.0.1:64524
1598492990930	mozrunner::runner	INFO	Running command: "C:\\Program Files\\Mozilla Firefox\\firefox.exe" "--marionette" "-foreground" "-no-remote" "-profile" "C:\\Users\\Jack\\AppData\\Local\\Temp\\rust_mozprofileMErNuc"
console.error: SearchCache: "_readCacheFile: Error reading cache file:" (new Error("", "(unknown module)"))
JavaScript error: resource://gre/modules/XULStore.jsm, line 66: Error: Can't find profile directory.
1598492992458	Marionette	INFO	Listening on port 64532
1598492992937	Marionette	WARN	TLS certificate errors will be ignored for this session
1598492993799	Marionette	INFO	Stopped listening on port 64532
JavaScript error: resource://gre/modules/UrlClassifierListManager.jsm, line 691: TypeError: this.tablesData[table] is undefined

###!!! [Child][RunMessage] Error: Channel closing: too late to send/recv, messages will be lost


###!!! [Child][MessageChannel::SendAndWait] Error: Channel error: cannot send/recv

1598493173189	geckodriver	INFO	Listening on 127.0.0.1:64586
1598493177029	mozrunner::runner	INFO	Running command: "C:\\Program Files\\Mozilla Firefox\\firefox.exe" "--marionette" "-foreground" "-no-remote" "-profile" "C:\\Users\\Jack\\AppData\\Local\\Temp\\rust_mozprofile5WzeIy"
JavaScript error: resource://gre/modules/XULStore.jsm, line 66: Error: Can't find profile directory.
console.error: SearchCache: "_readCacheFile: Error reading cache file:" (new Error("", "(unknown module)"))
1598493178529	Marionette	INFO	Listening on port 64594
1598493178536	Marionette	WARN	TLS certificate errors will be ignored for this session
1598493179514	Marionette	INFO	Stopped listening on port 64594

###!!! [Child][RunMessage] Error: Channel closing: too late to send/recv, messages will be lost


###!!! [Child][MessageChannel::SendAndWait] Error: Channel error: cannot send/recv

1598493515111	geckodriver	INFO	Listening on 127.0.0.1:64645
1598493518156	mozrunner::runner	INFO	Running command: "C:\\Program Files\\Mozilla Firefox\\firefox.exe" "--marionette" "-foreground" "-no-remote" "-profile" "C:\\Users\\Jack\\AppData\\Local\\Temp\\rust_mozprofileKsLaPf"
console.error: SearchCache: "_readCacheFile: Error reading cache file:" (new Error("", "(unknown module)"))
JavaScript error: resource://gre/modules/XULStore.jsm, line 66: Error: Can't find profile directory.
1598493519693	Marionette	INFO	Listening on port 64653
1598493520162	Marionette	WARN	TLS certificate errors will be ignored for this session
1598493520838	Marionette	INFO	Stopped listening on port 64653

###!!! [Child][RunMessage] Error: Channel closing: too late to send/recv, messages will be lost


###!!! [Child][RunMessage] Error: Channel closing: too late to send/recv, messages will be lost


###!!! [Child][MessageChannel::SendAndWait] Error: Channel error: cannot send/recv

1598494348493	geckodriver	INFO	Listening on 127.0.0.1:64725
1598494351542	mozrunner::runner	INFO	Running command: "C:\\Program Files\\Mozilla Firefox\\firefox.exe" "--marionette" "-foreground" "-no-remote" "-profile" "C:\\Users\\Jack\\AppData\\Local\\Temp\\rust_mozprofile1hArXY"
console.error: SearchCache: "_readCacheFile: Error reading cache file:" (new Error("", "(unknown module)"))
JavaScript error: resource://gre/modules/XULStore.jsm, line 66: Error: Can't find profile directory.
1598494353065	Marionette	INFO	Listening on port 64733
1598494353549	Marionette	WARN	TLS certificate errors will be ignored for this session
1598494354283	Marionette	INFO	Stopped listening on port 64733

###!!! [Child][RunMessage] Error: Channel closing: too late to send/recv, messages will be lost


###!!! [Child][MessageChannel::SendAndWait] Error: Channel error: cannot send/recv

1598496120683	geckodriver	INFO	Listening on 127.0.0.1:64881
1598496123731	mozrunner::runner	INFO	Running command: "C:\\Program Files\\Mozilla Firefox\\firefox.exe" "--marionette" "-foreground" "-no-remote" "-profile" "C:\\Users\\Jack\\AppData\\Local\\Temp\\rust_mozprofilevmtoRD"
JavaScript error: resource://gre/modules/XULStore.jsm, line 66: Error: Can't find profile directory.
console.error: SearchCache: "_readCacheFile: Error reading cache file:" (new Error("", "(unknown module)"))
1598496125285	Marionette	INFO	Listening on port 64889
1598496125739	Marionette	WARN	TLS certificate errors will be ignored for this session
1598496126460	Marionette	INFO	Stopped listening on port 64889

###!!! [Child][RunMessage] Error: Channel closing: too late to send/recv, messages will be lost


###!!! [Child][MessageChannel::SendAndWait] Error: Channel error: cannot send/recv

1598496267453	geckodriver	INFO	Listening on 127.0.0.1:64969
1598496270499	mozrunner::runner	INFO	Running command: "C:\\Program Files\\Mozilla Firefox\\firefox.exe" "--marionette" "-foreground" "-no-remote" "-profile" "C:\\Users\\Jack\\AppData\\Local\\Temp\\rust_mozprofilevTHqHG"
console.error: SearchCache: "_readCacheFile: Error reading cache file:" (new Error("", "(unknown module)"))
JavaScript error: resource://gre/modules/XULStore.jsm, line 66: Error: Can't find profile directory.
1598496271986	Marionette	INFO	Listening on port 64977
1598496272008	Marionette	WARN	TLS certificate errors will be ignored for this session
1598496273060	Marionette	INFO	Stopped listening on port 64977

###!!! [Child][RunMessage] Error: Channel closing: too late to send/recv, messages will be lost


###!!! [Child][MessageChannel::SendAndWait] Error: Channel error: cannot send/recv

1598500586122	geckodriver	INFO	Listening on 127.0.0.1:65260
1598500589176	mozrunner::runner	INFO	Running command: "C:\\Program Files\\Mozilla Firefox\\firefox.exe" "--marionette" "-foreground" "-no-remote" "-profile" "C:\\Users\\Jack\\AppData\\Local\\Temp\\rust_mozprofileo9RU8S"
console.error: SearchCache: "_readCacheFile: Error reading cache file:" (new Error("", "(unknown module)"))
JavaScript error: resource://gre/modules/XULStore.jsm, line 66: Error: Can't find profile directory.
1598500590762	Marionette	INFO	Listening on port 65268
1598500591185	Marionette	WARN	TLS certificate errors will be ignored for this session
1598500592107	Marionette	INFO	Stopped listening on port 65268

###!!! [Child][RunMessage] Error: Channel closing: too late to send/recv, messages will be lost


###!!! [Child][MessageChannel::SendAndWait] Error: Channel error: cannot send/recv

1598500604879	geckodriver	INFO	Listening on 127.0.0.1:65317
1598500607925	mozrunner::runner	INFO	Running command: "C:\\Program Files\\Mozilla Firefox\\firefox.exe" "--marionette" "-foreground" "-no-remote" "-profile" "C:\\Users\\Jack\\AppData\\Local\\Temp\\rust_mozprofileah3aiP"
console.error: SearchCache: "_readCacheFile: Error reading cache file:" (new Error("", "(unknown module)"))
JavaScript error: resource://gre/modules/XULStore.jsm, line 66: Error: Can't find profile directory.
1598500609448	Marionette	INFO	Listening on port 65325
1598500609944	Marionette	WARN	TLS certificate errors will be ignored for this session
1598500610710	Marionette	INFO	Stopped listening on port 65325

###!!! [Child][MessageChannel::SendAndWait] Error: Channel error: cannot send/recv

1598503768214	geckodriver	INFO	Listening on 127.0.0.1:65505
1598503771263	mozrunner::runner	INFO	Running command: "C:\\Program Files\\Mozilla Firefox\\firefox.exe" "--marionette" "-foreground" "-no-remote" "-profile" "C:\\Users\\Jack\\AppData\\Local\\Temp\\rust_mozprofilemmkL71"
console.error: SearchCache: "_readCacheFile: Error reading cache file:" (new Error("", "(unknown module)"))
JavaScript error: resource://gre/modules/XULStore.jsm, line 66: Error: Can't find profile directory.
1598503772794	Marionette	INFO	Listening on port 65513
1598503773272	Marionette	WARN	TLS certificate errors will be ignored for this session
1598503774371	Marionette	INFO	Stopped listening on port 65513

###!!! [Child][MessageChannel::SendAndWait] Error: Channel error: cannot send/recv

1598503995402	geckodriver	INFO	Listening on 127.0.0.1:49221
1598503998450	mozrunner::runner	INFO	Running command: "C:\\Program Files\\Mozilla Firefox\\firefox.exe" "--marionette" "-foreground" "-no-remote" "-profile" "C:\\Users\\Jack\\AppData\\Local\\Temp\\rust_mozprofilelGpyVP"
JavaScript error: resource://gre/modules/XULStore.jsm, line 66: Error: Can't find profile directory.
console.error: SearchCache: "_readCacheFile: Error reading cache file:" (new Error("", "(unknown module)"))
1598503999995	Marionette	INFO	Listening on port 49229
1598504000457	Marionette	WARN	TLS certificate errors will be ignored for this session
1598504001272	Marionette	INFO	Stopped listening on port 49229

###!!! [Child][MessageChannel::SendAndWait] Error: Channel error: cannot send/recv

